<?xml version="1.0" encoding="UTF-8"?>
<testsuite xmlns:xsi="http://www.w3.org/2001/XMLSchema-instance" xsi:schemaLocation="https://maven.apache.org/surefire/maven-surefire-plugin/xsd/surefire-test-report.xsd" name="com.tenzin.vendingmachine.dao.VendingMachineDaoFileImplTest" time="0.094" tests="2" errors="0" skipped="0" failures="0">
  <properties>
[...]
</properties>
  <testcase name="testGetSelectedItem" classname="com.tenzin.vendingmachine.dao.VendingMachineDaoFileImplTest" time="0.086"/>
  <testcase name="testAddGetAllItemsMethod" classname="com.tenzin.vendingmachine.dao.VendingMachineDaoFileImplTest" time="0.005"/>
</testsuite>